<?xml version="1.0" encoding="UTF-8"?>
<!-- Generated by org.testng.reporters.JUnitReportReporter -->
<testsuite hostname="DESKTOP-EDB4NC6" failures="0" tests="1" name="PrasadMantri.TestingProject.FirstTest" time="0.040" errors="0" timestamp="2023-11-22T18:04:56 IST" skipped="0">
  <testcase classname="PrasadMantri.TestingProject.FirstTest" name="FirstTest" time="0.040"/>
  <system-out/>
</testsuite> <!-- PrasadMantri.TestingProject.FirstTest -->
